Build started 4/18/2013 5:21:12 PM.
     1>Project "J:\Projects CSI,CSII\Class Assignment\Class Assignment\Class Assignment.vcxproj" on node 2 (build target(s)).
     1>InitializeBuildStatus:
         Creating "Debug\Class Assignment.unsuccessfulbuild" because "AlwaysCreate" was specified.
       ClCompile:
         C:\Program Files (x86)\Microsoft Visual Studio 10.0\VC\bin\CL.exe /c /ZI /nologo /W3 /WX- /Od /Oy- /D _MBCS /Gm /EHsc /RTC1 /MDd /GS /fp:precise /Zc:wchar_t /Zc:forScope /Fo"Debug\\" /Fd"Debug\vc100.pdb" /Gd /TP /analyze- /errorReport:prompt main.cpp
         main.cpp
       Link:
         C:\Program Files (x86)\Microsoft Visual Studio 10.0\VC\bin\link.exe /ERRORREPORT:PROMPT /OUT:"J:\Projects CSI,CSII\Class Assignment\Debug\Class Assignment.exe" /NOLOGO kernel32.lib user32.lib gdi32.lib winspool.lib comdlg32.lib advapi32.lib shell32.lib ole32.lib oleaut32.lib uuid.lib odbc32.lib odbccp32.lib /MANIFEST /ManifestFile:"Debug\Class Assignment.exe.intermediate.manifest" /MANIFESTUAC:"level='asInvoker' uiAccess='false'" /DEBUG /PDB:"J:\Projects CSI,CSII\Class Assignment\Debug\Class Assignment.pdb" /TLBID:1 /DYNAMICBASE /NXCOMPAT /IMPLIB:"J:\Projects CSI,CSII\Class Assignment\Debug\Class Assignment.lib" /MACHINE:X86 Debug\main.obj
         Debug\playclasses.obj
         LINK : J:\Projects CSI,CSII\Class Assignment\Debug\Class Assignment.exe not found or not built by the last incremental link; performing full link
         Class Assignment.vcxproj -> J:\Projects CSI,CSII\Class Assignment\Debug\Class Assignment.exe
       Manifest:
         C:\Program Files (x86)\Microsoft SDKs\Windows\v7.0A\bin\mt.exe /nologo /verbose /outputresource:"J:\Projects CSI,CSII\Class Assignment\Debug\Class Assignment.exe;#1" /manifest "Debug\Class Assignment.exe.intermediate.manifest"
       FinalizeBuildStatus:
         Deleting file "Debug\Class Assignment.unsuccessfulbuild".
         Touching "Debug\Class Assignment.lastbuildstate".
     1>Done Building Project "J:\Projects CSI,CSII\Class Assignment\Class Assignment\Class Assignment.vcxproj" (build target(s)).

Build succeeded.

Time Elapsed 00:00:08.15
